<?xml version="1.0" encoding="UTF-8"?>
<testng-results skipped="0" failed="0" ignored="0" total="1" passed="1">
  <reporter-output>
  </reporter-output>
  <suite name="Default suite" duration-ms="28749" started-at="2022-11-16T18:40:19 IST" finished-at="2022-11-16T18:40:48 IST">
    <groups>
    </groups>
    <test name="Default test" duration-ms="28749" started-at="2022-11-16T18:40:19 IST" finished-at="2022-11-16T18:40:48 IST">
      <class name="com.ixigo.IxigoRoundTrip">
        <test-method status="PASS" signature="Initialize()[pri:0, instance:com.ixigo.IxigoRoundTrip@757942a1]" name="Initialize" is-config="true" duration-ms="12333" started-at="2022-11-16T18:40:19 IST" finished-at="2022-11-16T18:40:31 IST">
          <reporter-output>
          </reporter-output>
        </test-method> <!-- Initialize -->
        <test-method status="PASS" signature="RoundTrip()[pri:0, instance:com.ixigo.IxigoRoundTrip@757942a1]" name="RoundTrip" duration-ms="15597" started-at="2022-11-16T18:40:31 IST" finished-at="2022-11-16T18:40:47 IST">
          <reporter-output>
          </reporter-output>
        </test-method> <!-- RoundTrip -->
        <test-method status="PASS" signature="teardown()[pri:0, instance:com.ixigo.IxigoRoundTrip@757942a1]" name="teardown" is-config="true" duration-ms="757" started-at="2022-11-16T18:40:47 IST" finished-at="2022-11-16T18:40:48 IST">
          <reporter-output>
          </reporter-output>
        </test-method> <!-- teardown -->
      </class> <!-- com.ixigo.IxigoRoundTrip -->
    </test> <!-- Default test -->
  </suite> <!-- Default suite -->
</testng-results>
